number,value,datetime_start,datetime_complete,duration,params_grrt_corridor_sample,params_grrt_goal_bias,params_grrt_max_iters,params_grrt_step_m,params_replan_interval,params_social_distance,params_x_res,params_y_res,state
0,0.303,2026-08-13 18:26:01.333618,2026-08-13 18:27:04.187366,0 days 00:01:02.853748,0.7013816880358219,0.22879734159310489,39520,9.488135039273248,1.5939680281567312,1.3809503008602877,1.135482199008357,0.4406523508799952,COMPLETE
1,0.15044444444444444,2026-08-13 18:27:04.187366,2026-08-13 18:28:01.313650,0 days 00:00:57.126284,0.7958625190413323,0.14586037970644444,38800,13.636627605010293,0.6775901454947173,0.4958422296716948,1.3520668416408985,0.5665184872316974,COMPLETE
2,0.0,2026-08-13 18:28:01.313650,2026-08-13 18:29:09.140735,0 days 00:01:07.827085,0.7890783754749253,0.2581549613869845,54151,4.202183974403257,1.6536984056323296,1.2585820939151011,1.967927513349146,0.5096213538975256,COMPLETE
3,0.30763194444444447,2026-08-13 18:29:09.140735,2026-08-13 18:29:50.337435,0 days 00:00:41.196700,0.4716766437045232,0.20998025533188097,57511,5.182744258689333,1.1613890302615675,1.2516570583776385,1.2827724826251075,0.3365978729957356,COMPLETE
4,0.15394444444444447,2026-08-13 18:29:50.337435,2026-08-13 18:30:31.959673,0 days 00:00:41.622238,0.4093949002181776,0.19210848721716212,42794,8.561503322165485,2.8593701962865605,1.150002329013832,1.418143584083632,0.4276202985936406,COMPLETE
5,0.30725694444444446,2026-08-13 18:30:31.959673,2026-08-13 18:31:33.140349,0 days 00:01:01.180676,0.7488155979636324,0.15925798844983535,17710,7.59507900573786,1.0259564026846022,0.5418189274203387,1.5001500731685016,0.4517870413281717,COMPLETE
6,0.15727083333333333,2026-08-13 18:31:33.141356,2026-08-13 18:32:18.868672,0 days 00:00:45.727316,0.6850983852089398,0.14092769273565564,34737,7.154283509241838,1.0221918902370868,0.5774404696734959,1.9825607570888393,0.19592016483661262,COMPLETE
7,0.457625,2026-08-13 18:32:18.868672,2026-08-13 18:33:28.030310,0 days 00:01:09.161638,0.6331553864281532,0.11332290063494553,25999,10.531083254653984,2.1408239736631836,0.5520012464834751,0.7384543754682795,0.19966881352393728,COMPLETE
8,0.0,2026-08-13 18:33:28.030310,2026-08-13 18:33:34.142758,0 days 00:00:06.112448,0.8104966149239676,0.14218129266524104,19369,5.9658236168005345,2.9411486625334895,0.9155163218124718,1.7569173612482059,0.19324428355228337,PRUNED
9,0.31252083333333336,2026-08-13 18:33:34.142758,2026-08-13 18:34:31.429118,0 days 00:00:57.286360,0.7696317896991509,0.20121137993626148,16763,13.767610881903371,1.2403504938053622,0.5306004908496684,0.9242104438646144,0.204088452545926,COMPLETE
10,0.6028333333333333,2026-08-13 18:34:31.429118,2026-08-13 18:35:49.461528,0 days 00:01:18.032410,0.5862674403316339,0.05913627896172333,28973,11.012003775819748,2.2881950874954047,0.845017929553419,0.5415840398719531,0.2869553387587276,COMPLETE
11,0.0,2026-08-13 18:35:49.461528,2026-08-13 18:36:02.823697,0 days 00:00:13.362169,0.5845687177843535,0.05513160960666226,27657,11.22466378015463,2.271464943593236,0.835879734488182,0.6014658556136654,0.2949989002772058,PRUNED
12,0.7608402777777777,2026-08-13 18:36:02.823697,2026-08-13 18:37:24.695264,0 days 00:01:21.871567,0.5717891330047273,0.06516235346435181,27811,10.984722406459083,2.350635499558647,0.8093290481505009,0.5062577592313364,0.2848767174118575,COMPLETE
13,0.45958333333333334,2026-08-13 18:37:24.695264,2026-08-13 18:37:41.132301,0 days 00:00:16.437037,0.5508146702029821,0.050411134437664304,27953,11.890903290331117,2.4250865184063506,0.8544055439062896,0.5143792772972208,0.30071661246285847,PRUNED
14,0.45581249999999995,2026-08-13 18:37:41.132301,2026-08-13 18:38:56.172073,0 days 00:01:15.039772,0.5173033418706181,0.08745877696184874,31169,12.183368375010565,1.9759856189826863,1.0021974760723937,0.8495113327826784,0.35620767133803594,COMPLETE
15,0.4607569444444444,2026-08-13 18:38:56.173076,2026-08-13 18:39:57.979656,0 days 00:01:01.806580,0.6142803869297846,0.08968527210108396,47958,9.44163434703652,2.5775083987776437,0.6964682566218405,0.7140819869191772,0.27378686433448773,COMPLETE
16,0.0,2026-08-13 18:39:57.979656,2026-08-13 18:40:09.646970,0 days 00:00:11.667314,0.48412292355225595,0.08404168573958294,32664,10.222791767224775,1.746734954400994,0.7249712231209895,0.9799151045431509,0.25778000620031116,PRUNED
17,0.0,2026-08-13 18:40:09.646970,2026-08-13 18:40:21.299353,0 days 00:00:11.652383,0.8929508407465601,0.11154392292365511,24088,12.522109237308019,2.6128635877688766,1.0345358360195815,0.5040168172517637,0.3786757422082319,PRUNED
18,0.3037916666666667,2026-08-13 18:40:21.299353,2026-08-13 18:41:27.244617,0 days 00:01:05.945264,0.6419467608813167,0.29053876374332654,22576,11.025526169529245,1.9452935639570539,0.7246262749786619,0.7343761453158544,0.1540893615287147,COMPLETE
19,0.15810416666666668,2026-08-13 18:41:27.244617,2026-08-13 18:42:19.902659,0 days 00:00:52.658042,0.4093877974839978,0.06999510490980076,35815,8.641640948913086,2.620076296941725,1.0368663451482192,1.0688615237880874,0.25276888440280837,COMPLETE
20,0.1547638888888889,2026-08-13 18:42:19.902659,2026-08-13 18:43:14.379997,0 days 00:00:54.477338,0.5557293347498001,0.10705232212993059,45277,12.946817711604911,2.2526025511906838,1.4752059693626025,0.6375379553730337,0.40317266157252685,COMPLETE
21,0.3115763888888889,2026-08-13 18:43:14.379997,2026-08-13 18:44:26.192133,0 days 00:01:11.812136,0.6079476402121801,0.08551179061813191,47731,9.753227119813227,2.597352451314496,0.7007907797176286,0.747881281108949,0.2699040816178377,COMPLETE
22,0.46210416666666665,2026-08-13 18:44:26.192133,2026-08-13 18:44:39.255678,0 days 00:00:13.063545,0.6662513450664469,0.07020010500883268,48918,8.927312024395356,2.4760234755320147,0.6593370802719661,0.643707200581086,0.3221190432037282,PRUNED
23,0.3062777777777778,2026-08-13 18:44:39.256681,2026-08-13 18:45:36.001805,0 days 00:00:56.745124,0.5784117519067992,0.09969807411385324,50876,11.399878130528894,2.7721309217951804,0.8243735298970003,0.8246598360004789,0.23703694329227884,COMPLETE
24,0.0,2026-08-13 18:45:36.001805,2026-08-13 18:45:47.494942,0 days 00:00:11.493137,0.5178779633219979,0.12322393173372723,30912,7.7950191115446,2.033305520226646,0.919797620939067,0.5982730989415509,0.29085750173301145,PRUNED
25,0.46141666666666664,2026-08-13 18:45:47.494942,2026-08-13 18:46:04.053705,0 days 00:00:16.558763,0.623471930048883,0.06683216429722888,41182,10.159009692717078,2.3537148336162526,0.6381274728917607,0.5244382470038645,0.36047831291365573,PRUNED
26,0.6056805555555556,2026-08-13 18:46:04.053705,2026-08-13 18:47:23.972301,0 days 00:01:19.918596,0.7082164719890958,0.050325541887546364,22232,9.1985836592603,2.7692215724347573,0.4451330468622708,0.8475141828722856,0.2322485347753511,COMPLETE
27,0.15539583333333332,2026-08-13 18:47:23.972301,2026-08-13 18:48:18.907052,0 days 00:00:54.934751,0.7275990017498939,0.05042394414191191,21129,10.72941123834617,2.993057359059319,0.40488470364182116,0.8549658296357043,0.22810678110356455,COMPLETE
28,0.44806250000000003,2026-08-13 18:48:18.907562,2026-08-13 18:49:50.211139,0 days 00:01:31.303577,0.4614583505028001,0.07137608381462217,25420,11.75079424218841,2.715184420122897,0.4471535222579812,1.0149651480114548,0.16192431172126517,COMPLETE
29,0.46670833333333334,2026-08-13 18:49:50.211139,2026-08-13 18:50:02.135795,0 days 00:00:11.924656,0.8466592790264096,0.12854407678892557,29231,9.66859315448896,1.8018434047210858,0.8023456198400643,1.1223636994151045,0.32114782474244297,PRUNED
30,0.46709027777777773,2026-08-13 18:50:02.135795,2026-08-13 18:50:54.318026,0 days 00:00:52.182231,0.715088158511572,0.16960821063955955,15101,6.867877440092785,2.155259726313434,0.9545887267518223,1.2001014943440569,0.24016746444671128,COMPLETE
31,0.46329166666666666,2026-08-13 18:50:54.319026,2026-08-13 18:51:11.531173,0 days 00:00:17.212147,0.7092251020063987,0.17491112455409522,20923,6.321472404203532,1.4578446635496645,0.9538169043788145,1.2442950875876488,0.22810848479262968,PRUNED
32,0.46016666666666667,2026-08-13 18:51:11.531173,2026-08-13 18:51:23.939276,0 days 00:00:12.408103,0.6707164820985253,0.24715996797856202,15002,6.810345422022704,2.126754394099388,1.0991612716543808,1.5100943477210742,0.2890315551413549,PRUNED
33,0.0,2026-08-13 18:51:23.939276,2026-08-13 18:51:37.837285,0 days 00:00:13.898009,0.702969480498608,0.2255141238652977,22846,8.215073787676486,2.2144558431087438,1.165802068038954,1.176465402091679,0.22236272584126276,PRUNED
34,0.6080694444444444,2026-08-13 18:51:37.837285,2026-08-13 18:52:57.600507,0 days 00:01:19.763222,0.7360765908202349,0.29604674828411426,37850,4.632375446109103,2.4215946577845116,0.763644411181411,0.9192926107068659,0.5263569372916495,COMPLETE
35,0.4634166666666667,2026-08-13 18:52:57.600507,2026-08-13 18:53:14.968231,0 days 00:00:17.367724,0.8280557858877186,0.2765775651571689,38449,5.19177241217844,2.4480302441002597,0.7766375771801464,0.9089331762258257,0.5957740022382939,PRUNED
36,0.450125,2026-08-13 18:53:14.968231,2026-08-13 18:53:30.653944,0 days 00:00:15.685713,0.7476874230580779,0.24530518471676965,36610,4.009619168278693,2.796958055765597,0.6226206517500842,0.7810509634322919,0.5018518976146549,PRUNED
37,0.612875,2026-08-13 18:53:30.653944,2026-08-13 18:54:43.142284,0 days 00:01:12.488340,0.6543876885705505,0.22524823700907468,30951,4.727646767751627,1.8590234630824876,0.48984047979989565,0.6671341585531141,0.49328255100587964,COMPLETE
38,0.46411111111111114,2026-08-13 18:54:43.142284,2026-08-13 18:55:40.989407,0 days 00:00:57.847123,0.7799301956530156,0.29633850438819603,33116,4.435268837701988,1.441250973269127,0.4291913505179783,0.9467369689259821,0.5438405849216749,COMPLETE
39,0.7606805555555556,2026-08-13 18:55:40.989407,2026-08-13 18:57:15.321705,0 days 00:01:34.332298,0.6703321272557019,0.2745462881170391,37739,5.043799239938806,1.6279400272072453,0.47385879611523474,0.6726434834453398,0.4895333989016283,COMPLETE
40,0.4630208333333334,2026-08-13 18:57:15.321705,2026-08-13 18:57:31.000308,0 days 00:00:15.678603,0.6525920907271536,0.2739847740419044,43151,4.744607245259899,1.594158797083177,0.5918878133649028,0.6770547023322958,0.47949613646574546,PRUNED
41,0.0,2026-08-13 18:57:31.000308,2026-08-13 18:57:41.307750,0 days 00:00:10.307442,0.7523382687295482,0.2723161207744963,39209,5.4585247190745125,1.8428473145993491,0.4750557417585088,0.7974084493476254,0.5362961607805676,PRUNED
42,0.4588055555555555,2026-08-13 18:57:41.307750,2026-08-13 18:58:49.622742,0 days 00:01:08.314992,0.6865666597920026,0.22005604565936993,37177,5.92200979454343,1.5126865281924178,0.5240509702869763,0.6132645493193678,0.4572482676415901,COMPLETE
43,0.15447916666666667,2026-08-13 18:58:49.622742,2026-08-13 18:59:32.082979,0 days 00:00:42.460237,0.6796879921843096,0.2574891676722226,33461,4.662914233524759,1.2505974278750913,0.49066652336959615,0.8977746421211537,0.5134740968635642,COMPLETE
44,0.604375,2026-08-13 18:59:32.082979,2026-08-13 19:00:45.631831,0 days 00:01:13.548852,0.6463099708929418,0.28368327573663854,41189,5.715554581582737,0.599844106395877,0.594019271679062,0.6781229361947787,0.4242952889349321,COMPLETE
45,0.46320833333333333,2026-08-13 19:00:45.631831,2026-08-13 19:00:59.699024,0 days 00:00:14.067193,0.7379143862991234,0.2430901479698941,26756,4.965622284337403,0.8560499618681762,0.49692727672803105,0.5721685734289725,0.5729239795154194,PRUNED
46,0.4540416666666667,2026-08-13 19:00:59.699024,2026-08-13 19:01:15.099331,0 days 00:00:15.400307,0.7944318892833578,0.19256893925663696,57695,6.518572827264548,1.7208659483893425,0.5632365954207034,1.0420189151580175,0.473750545633899,PRUNED
47,0.1578125,2026-08-13 19:01:15.099331,2026-08-13 19:02:11.177623,0 days 00:00:56.078292,0.7252768027709352,0.2616730313968446,29977,13.152927110820345,2.066395104310322,0.4003252384005252,0.7018266370945756,0.5326473931060984,COMPLETE
48,0.4554930555555556,2026-08-13 19:02:11.177623,2026-08-13 19:02:50.552444,0 days 00:00:39.374821,0.7635424411471532,0.2994111519650182,34739,7.476484679024523,2.8899847293458367,0.7762197932645873,1.345727386650562,0.4909229405992405,COMPLETE
49,0.0,2026-08-13 19:02:50.552444,2026-08-13 19:03:03.453837,0 days 00:00:12.901393,0.6055835881129312,0.21411937279713653,18471,5.6162679137618845,1.9150606770219973,0.45664260463335893,0.8635111276946926,0.442263166162033,PRUNED
