number,value,datetime_start,datetime_complete,duration,params_grrt_corridor_sample,params_grrt_goal_bias,params_grrt_max_iters,params_grrt_step_m,state
0,0.0,2026-08-14 13:41:08.353117,2026-08-14 13:44:19.306674,0 days 00:03:10.953557,0.7013816880358219,0.22879734159310489,39520,9.488135039273248,COMPLETE
1,0.1395833333333333,2026-08-14 13:44:19.306674,2026-08-14 13:47:20.666480,0 days 00:03:01.359806,0.6187936056313463,0.21147352826666405,55130,8.236547993389047,COMPLETE
2,0.0,2026-08-14 13:47:20.666480,2026-08-14 13:49:59.306409,0 days 00:02:38.639929,0.7958625190413323,0.14586037970644444,38800,13.636627605010293,COMPLETE
3,0.14906944444444445,2026-08-14 13:49:59.306409,2026-08-14 13:53:24.486147,0 days 00:03:25.179738,0.4355180290989435,0.28139915957316525,18920,9.680445610939323,COMPLETE
4,0.14669444444444446,2026-08-14 13:53:24.486147,2026-08-14 13:57:06.847835,0 days 00:03:42.361688,0.7890783754749253,0.2581549613869845,54151,4.202183974403257,COMPLETE
5,0.1440972222222222,2026-08-14 13:57:06.848839,2026-08-14 14:02:25.272142,0 days 00:05:18.423303,0.630739681126466,0.2497896410541809,50124,13.78618342232764,COMPLETE
6,0.28563194444444445,2026-08-14 14:02:25.272142,2026-08-14 14:06:34.443435,0 days 00:04:09.171293,0.4716766437045232,0.20998025533188097,57511,5.182744258689333,COMPLETE
7,0.14738194444444444,2026-08-14 14:06:34.443435,2026-08-14 14:09:57.470885,0 days 00:03:23.027450,0.5322778060523135,0.15366548499763089,49841,9.218483217500717,COMPLETE
8,0.14729861111111112,2026-08-14 14:09:57.470885,2026-08-14 14:13:08.907528,0 days 00:03:11.436643,0.4093949002181776,0.19210848721716212,42794,8.561503322165485,COMPLETE
9,0.0,2026-08-14 14:13:08.907528,2026-08-14 14:13:29.351080,0 days 00:00:20.443552,0.8718740392573121,0.20423349921868922,45682,10.120957227224213,PRUNED
10,0.0,2026-08-14 14:13:29.351080,2026-08-14 14:13:50.776829,0 days 00:00:21.425749,0.5485613696436733,0.06377495640992686,26823,4.203344716249308,PRUNED
11,0.0,2026-08-14 14:13:50.776829,2026-08-14 14:14:33.005589,0 days 00:00:42.228760,0.4201736766330905,0.297980890086151,21171,6.472296038914597,PRUNED
12,0.43041666666666667,2026-08-14 14:14:33.005589,2026-08-14 14:15:28.861575,0 days 00:00:55.855986,0.4874511027511732,0.29847980440995736,30952,11.753010611324967,PRUNED
13,0.0,2026-08-14 14:15:28.861575,2026-08-14 14:16:11.172454,0 days 00:00:42.310879,0.48044881214418533,0.15626928262835743,15053,6.36472204059883,PRUNED
14,0.1510138888888889,2026-08-14 14:16:11.172454,2026-08-14 14:18:52.520977,0 days 00:02:41.348523,0.478234293898311,0.09620827238222826,32286,6.580804612048793,COMPLETE
15,0.14957638888888888,2026-08-14 14:18:52.520977,2026-08-14 14:20:45.357058,0 days 00:01:52.836081,0.5704770745143951,0.05700011795436816,33045,6.095289409150156,COMPLETE
16,0.0,2026-08-14 14:20:45.357058,2026-08-14 14:21:14.885623,0 days 00:00:29.528565,0.49287546503597335,0.09781746180853289,59145,5.427235040957598,PRUNED
17,0.0,2026-08-14 14:21:14.885623,2026-08-14 14:21:56.323858,0 days 00:00:41.438235,0.6221562098123592,0.103693617483832,34404,7.604432449533032,PRUNED
18,0.4388125,2026-08-14 14:21:56.323858,2026-08-14 14:22:32.536154,0 days 00:00:36.212296,0.45765870208141896,0.11744867981493763,26830,7.308163839847404,PRUNED
19,0.0,2026-08-14 14:22:32.536154,2026-08-14 14:22:55.155516,0 days 00:00:22.619362,0.576528499533841,0.17560216202734397,45472,5.241212631425581,PRUNED
20,0.0,2026-08-14 14:22:55.155516,2026-08-14 14:24:17.431614,0 days 00:01:22.276098,0.6897135498694968,0.12721529020375305,58262,5.314621711721916,PRUNED
21,0.0,2026-08-14 14:24:17.431614,2026-08-14 14:24:44.606565,0 days 00:00:27.174951,0.5280651197003661,0.05713137727615545,33340,6.664194441365513,PRUNED
22,0.0,2026-08-14 14:24:44.606565,2026-08-14 14:25:23.834166,0 days 00:00:39.227601,0.5862752466263537,0.08250996576373404,27537,5.588470827468552,PRUNED
23,0.0,2026-08-14 14:25:23.834166,2026-08-14 14:25:49.360668,0 days 00:00:25.526502,0.5206947648715641,0.07856594019332502,36538,7.313514956590016,PRUNED
24,0.40952083333333333,2026-08-14 14:25:49.360668,2026-08-14 14:26:54.288910,0 days 00:01:04.928242,0.45563927892176054,0.0778346781026974,22801,4.628048128854716,PRUNED
25,0.0,2026-08-14 14:26:54.288910,2026-08-14 14:27:56.981158,0 days 00:01:02.692248,0.6635916413163324,0.05390626439637135,30520,6.248317779793081,PRUNED
26,0.29511805555555554,2026-08-14 14:27:56.981158,2026-08-14 14:30:27.067847,0 days 00:02:30.086689,0.568949045279233,0.1277858218736968,39561,5.886978117067821,COMPLETE
27,0.29740277777777774,2026-08-14 14:30:27.067847,2026-08-14 14:32:56.482365,0 days 00:02:29.414518,0.5137700329512463,0.13467536414714631,41736,4.820255144838532,COMPLETE
28,0.1475,2026-08-14 14:32:56.482365,2026-08-14 14:36:29.757872,0 days 00:03:33.275507,0.515511289858742,0.13316709158304274,42628,4.735246476197105,COMPLETE
29,0.14811805555555554,2026-08-14 14:36:29.757872,2026-08-14 14:40:20.187948,0 days 00:03:50.430076,0.7418169676346693,0.17492622992353557,40026,4.01978001872702,COMPLETE
30,0.0,2026-08-14 14:40:20.187948,2026-08-14 14:41:11.449338,0 days 00:00:51.261390,0.5583607021719046,0.2235044187682752,49460,4.853852660753795,PRUNED
31,0.0,2026-08-14 14:41:11.449338,2026-08-14 14:41:36.135817,0 days 00:00:24.686479,0.46106783920521455,0.10216221748220698,37961,6.978878830243712,PRUNED
32,0.44066666666666665,2026-08-14 14:41:36.135817,2026-08-14 14:42:14.087980,0 days 00:00:37.952163,0.4961420930221375,0.1705330371244163,42322,5.812120126494753,PRUNED
33,0.0,2026-08-14 14:42:14.087980,2026-08-14 14:42:34.765409,0 days 00:00:20.677429,0.6116708496556456,0.13279413052148262,55109,8.183253185706109,PRUNED
34,0.42952083333333335,2026-08-14 14:42:34.765409,2026-08-14 14:43:30.209905,0 days 00:00:55.444496,0.4365963067708577,0.11568327899793102,45399,5.816901456774538,PRUNED
35,0.0,2026-08-14 14:43:30.209905,2026-08-14 14:43:50.867516,0 days 00:00:20.657611,0.5043665389135626,0.24290609430523408,36244,4.842319801249291,PRUNED
36,0.4423958333333333,2026-08-14 14:43:50.867516,2026-08-14 14:44:23.289541,0 days 00:00:32.422025,0.5969307957876273,0.15022833348009218,39935,7.734859768351718,PRUNED
37,0.14866666666666664,2026-08-14 14:44:23.289541,2026-08-14 14:46:53.293069,0 days 00:02:30.003528,0.6439456420735685,0.27161461413798427,51213,6.721344802096478,COMPLETE
38,0.14972222222222223,2026-08-14 14:46:53.293069,2026-08-14 14:49:32.818199,0 days 00:02:39.525130,0.40026696350931257,0.19380595025527797,47597,5.047734466523412,COMPLETE
39,0.0,2026-08-14 14:49:32.818199,2026-08-14 14:50:24.980623,0 days 00:00:52.162424,0.5476831086791148,0.14073757169389553,51694,11.405897997579014,PRUNED
40,0.28224999999999995,2026-08-14 14:50:24.980623,2026-08-14 14:53:51.288444,0 days 00:03:26.307821,0.4347088793225994,0.0912476148126797,29817,9.071273826716325,COMPLETE
41,0.4219375,2026-08-14 14:53:51.288444,2026-08-14 14:54:34.721007,0 days 00:00:43.432563,0.4680770617070658,0.0904276690083235,30411,11.210932667910535,PRUNED
42,0.0,2026-08-14 14:54:34.721007,2026-08-14 14:55:19.471930,0 days 00:00:44.750923,0.449364034607289,0.11610307258106742,24218,9.084666425908782,PRUNED
43,0.43020833333333336,2026-08-14 14:55:19.471930,2026-08-14 14:56:29.701239,0 days 00:01:10.229309,0.4351644721714488,0.07279840805749441,29223,10.471921573815667,PRUNED
44,0.0,2026-08-14 14:56:29.701239,2026-08-14 14:57:11.326889,0 days 00:00:41.625650,0.4210004580903979,0.09242003885950067,35263,8.740733936505736,PRUNED
45,0.0,2026-08-14 14:57:11.326889,2026-08-14 14:58:14.957020,0 days 00:01:03.630131,0.5386165753347353,0.16033227781451298,38300,12.900636240903221,PRUNED
46,0.0,2026-08-14 14:58:14.957020,2026-08-14 14:58:47.692331,0 days 00:00:32.735311,0.491822522691732,0.10728848793779514,18757,4.3198676629922,PRUNED
47,0.0,2026-08-14 14:58:47.692331,2026-08-14 14:59:31.432904,0 days 00:00:43.740573,0.8430368840245794,0.21121451626246446,32228,9.831412299658863,PRUNED
48,0.0,2026-08-14 14:59:31.432904,2026-08-14 15:00:41.106439,0 days 00:01:09.673535,0.47511525841550956,0.12391793160694141,57132,5.985815052460103,PRUNED
49,0.0,2026-08-14 15:00:41.106439,2026-08-14 15:01:09.935126,0 days 00:00:28.828687,0.5133112155089906,0.06787591274054854,40443,12.769405945124337,PRUNED
