number,value,datetime_start,datetime_complete,duration,params_grrt_corridor_sample,params_grrt_goal_bias,params_grrt_max_iters,params_grrt_step_m,state
0,0.30890972222222224,2026-08-14 11:23:06.034613,2026-08-14 11:24:32.824311,0 days 00:01:26.789698,0.7013816880358219,0.22879734159310489,39520,9.488135039273248,COMPLETE
1,0.6183958333333334,2026-08-14 11:24:32.824311,2026-08-14 11:26:19.537148,0 days 00:01:46.712837,0.6187936056313463,0.21147352826666405,55130,8.236547993389047,COMPLETE
2,0.7477222222222223,2026-08-14 11:26:19.537148,2026-08-14 11:28:35.497182,0 days 00:02:15.960034,0.7958625190413323,0.14586037970644444,38800,13.636627605010293,COMPLETE
3,0.6168958333333333,2026-08-14 11:28:35.497182,2026-08-14 11:30:37.329711,0 days 00:02:01.832529,0.4355180290989435,0.28139915957316525,18920,9.680445610939323,COMPLETE
4,0.7568541666666667,2026-08-14 11:30:37.329711,2026-08-14 11:32:48.203560,0 days 00:02:10.873849,0.7890783754749253,0.2581549613869845,54151,4.202183974403257,COMPLETE
5,0.4529166666666667,2026-08-14 11:32:48.203560,2026-08-14 11:34:12.728922,0 days 00:01:24.525362,0.630739681126466,0.2497896410541809,50124,13.78618342232764,PRUNED
6,0.4689652777777778,2026-08-14 11:34:12.728922,2026-08-14 11:36:28.861408,0 days 00:02:16.132486,0.4716766437045232,0.20998025533188097,57511,5.182744258689333,COMPLETE
7,0.7632291666666666,2026-08-14 11:36:28.861408,2026-08-14 11:38:08.736613,0 days 00:01:39.875205,0.5322778060523135,0.15366548499763089,49841,9.218483217500717,COMPLETE
8,0.45966666666666667,2026-08-14 11:38:08.736613,2026-08-14 11:39:09.510147,0 days 00:01:00.773534,0.4093949002181776,0.19210848721716212,42794,8.561503322165485,PRUNED
9,0.4663125,2026-08-14 11:39:09.510147,2026-08-14 11:40:08.503838,0 days 00:00:58.993691,0.8718740392573121,0.20423349921868922,45682,10.120957227224213,PRUNED
10,0.7575069444444443,2026-08-14 11:40:08.503838,2026-08-14 11:42:11.756135,0 days 00:02:03.252297,0.5485613696436733,0.06084214439779424,26816,6.449440836249486,COMPLETE
11,0.7558819444444445,2026-08-14 11:42:11.756135,2026-08-14 11:44:25.471326,0 days 00:02:13.715191,0.5348239773322079,0.0545331701009886,27160,6.615811453304014,COMPLETE
12,0.45139583333333333,2026-08-14 11:44:25.471326,2026-08-14 11:44:51.806547,0 days 00:00:26.335221,0.5516996736078226,0.05737630125726216,29459,11.753010611324967,PRUNED
13,0.6043541666666666,2026-08-14 11:44:51.806547,2026-08-14 11:46:32.796041,0 days 00:01:40.989494,0.5248904426158396,0.1117622481761384,15151,6.806402322604001,COMPLETE
14,0.0,2026-08-14 11:46:32.796041,2026-08-14 11:47:26.520496,0 days 00:00:53.724455,0.6252109153802254,0.11213201373590517,30386,6.580804612048793,PRUNED
15,0.6104791666666667,2026-08-14 11:47:26.520496,2026-08-14 11:49:14.165461,0 days 00:01:47.644965,0.49981220763441375,0.15432510692395757,33045,11.29338228871491,COMPLETE
16,0.4616736111111111,2026-08-14 11:49:14.165461,2026-08-14 11:51:10.914924,0 days 00:01:56.749463,0.5686643835723916,0.09657639585332795,26040,7.744329205345548,COMPLETE
17,0.6076458333333333,2026-08-14 11:51:10.914924,2026-08-14 11:53:28.609664,0 days 00:02:17.694740,0.6772167909128375,0.16110673443534806,35737,5.500940235717631,COMPLETE
18,0.0,2026-08-14 11:53:28.609664,2026-08-14 11:53:44.438583,0 days 00:00:15.828919,0.5870098575714582,0.07968894931623366,22307,11.130749227225097,PRUNED
19,0.44106249999999997,2026-08-14 11:53:44.438583,2026-08-14 11:55:41.359588,0 days 00:01:56.921005,0.47454238440894575,0.13308518332250602,49242,12.34210834409106,COMPLETE
20,0.0,2026-08-14 11:55:41.359588,2026-08-14 11:56:40.408075,0 days 00:00:59.048487,0.6827361528560157,0.17716517721436054,46426,7.405842352399623,PRUNED
21,0.46108333333333335,2026-08-14 11:56:40.408075,2026-08-14 11:57:42.587131,0 days 00:01:02.179056,0.7781681226463191,0.2912116472661551,53465,4.022056705620114,PRUNED
22,0.0,2026-08-14 11:57:42.587131,2026-08-14 11:58:08.657069,0 days 00:00:26.069938,0.8796340563195391,0.25086801674111353,51797,4.033968380760829,PRUNED
23,0.0,2026-08-14 11:58:08.657069,2026-08-14 11:58:39.291961,0 days 00:00:30.634892,0.7518624711978236,0.2558258139351781,59077,5.333840764088503,PRUNED
24,0.6068888888888889,2026-08-14 11:58:39.291961,2026-08-14 12:00:44.971364,0 days 00:02:05.679403,0.8279048193741136,0.07976342936983748,43925,5.855500127843373,COMPLETE
25,0.46304166666666663,2026-08-14 12:00:44.971364,2026-08-14 12:01:42.781417,0 days 00:00:57.810053,0.7123684503807002,0.13168691079275024,55373,4.746141963882194,PRUNED
26,0.9156944444444445,2026-08-14 12:01:42.781417,2026-08-14 12:03:43.724871,0 days 00:02:00.943454,0.6488701016963148,0.17746480519808083,59463,6.026018803404892,COMPLETE
27,0.7600972222222223,2026-08-14 12:03:43.724871,2026-08-14 12:05:37.199519,0 days 00:01:53.474648,0.5977456922898853,0.1778331936066075,58261,8.801193040910935,COMPLETE
28,0.4637222222222222,2026-08-14 12:05:37.199519,2026-08-14 12:06:54.716998,0 days 00:01:17.517479,0.5910136449962515,0.1692028386750399,59056,8.775796414384105,COMPLETE
29,0.0,2026-08-14 12:06:54.716998,2026-08-14 12:07:16.213489,0 days 00:00:21.496491,0.657608558157177,0.18939420496547313,47975,9.950366380036433,PRUNED
30,0.0,2026-08-14 12:07:16.213489,2026-08-14 12:07:36.174824,0 days 00:00:19.961335,0.7102119678048674,0.22449371152489028,59830,8.965733580388267,PRUNED
31,0.0,2026-08-14 12:07:36.174824,2026-08-14 12:08:44.241776,0 days 00:01:08.066952,0.5101031934945562,0.18155026442149838,41069,7.242604324748813,PRUNED
32,0.0,2026-08-14 12:08:44.241776,2026-08-14 12:09:04.864762,0 days 00:00:20.622986,0.5972469442825856,0.13982779965489242,56189,6.082882194542704,PRUNED
33,0.0,2026-08-14 12:09:04.864762,2026-08-14 12:09:59.284165,0 days 00:00:54.419403,0.5525103827760013,0.11927080388574032,36666,8.151450232311685,PRUNED
34,0.0,2026-08-14 12:09:59.284165,2026-08-14 12:10:24.444387,0 days 00:00:25.160222,0.6408580863019081,0.23604207576849745,51887,9.335359613191269,PRUNED
35,0.7621527777777778,2026-08-14 12:10:24.444387,2026-08-14 12:12:14.308873,0 days 00:01:49.864486,0.4765405690903465,0.15718628712626767,56932,8.119284649271258,COMPLETE
36,0.4628125,2026-08-14 12:12:14.308873,2026-08-14 12:12:38.447170,0 days 00:00:24.138297,0.44664861558565877,0.15410505083665565,56754,10.569576880360913,PRUNED
37,0.0,2026-08-14 12:12:38.447170,2026-08-14 12:13:33.515276,0 days 00:00:55.068106,0.48580669248266084,0.19851203512146262,53122,7.813077428634511,PRUNED
38,0.6024166666666667,2026-08-14 12:13:33.515276,2026-08-14 12:15:18.367942,0 days 00:01:44.852666,0.40026696350931257,0.1675702993545197,50376,9.224433426201447,COMPLETE
39,0.0,2026-08-14 12:15:18.367942,2026-08-14 12:15:34.788653,0 days 00:00:16.420711,0.45074224452603795,0.21857593823936855,55125,8.34279536050774,PRUNED
40,0.0,2026-08-14 12:15:34.788653,2026-08-14 12:15:55.614745,0 days 00:00:20.826092,0.6013851263784377,0.14721651103371447,57359,10.363462249447736,PRUNED
41,0.4524652777777778,2026-08-14 12:15:55.614745,2026-08-14 12:17:44.967269,0 days 00:01:49.352524,0.5625673926552243,0.1806198564693512,21990,7.0069755966666225,COMPLETE
42,0.30918055555555557,2026-08-14 12:17:44.967269,2026-08-14 12:19:05.683546,0 days 00:01:20.716277,0.5286477380480976,0.20918975202893442,58313,6.116724368064213,COMPLETE
43,0.6022847222222222,2026-08-14 12:19:05.683546,2026-08-14 12:21:43.288218,0 days 00:02:37.604672,0.6150994340554893,0.18910510131969396,54500,4.8608888278350575,COMPLETE
44,0.0,2026-08-14 12:21:43.288218,2026-08-14 12:22:37.424066,0 days 00:00:54.135848,0.4257456088926021,0.12293068794778322,52146,7.909465335978902,PRUNED
45,0.0,2026-08-14 12:22:37.424066,2026-08-14 12:23:03.182602,0 days 00:00:25.758536,0.5059711698222072,0.2684952724987339,15199,6.425025370982427,PRUNED
46,0.6122013888888889,2026-08-14 12:23:03.182602,2026-08-14 12:25:13.437426,0 days 00:02:10.254824,0.5692492310993681,0.23920259601311827,59697,8.651065587415113,COMPLETE
47,0.0,2026-08-14 12:25:13.437426,2026-08-14 12:25:31.773614,0 days 00:00:18.336188,0.5380133284224973,0.06991465388042081,47349,7.462677004758486,PRUNED
48,0.4608125,2026-08-14 12:25:31.773614,2026-08-14 12:25:56.014374,0 days 00:00:24.240760,0.464652870132621,0.09842557363829421,57132,9.66859315448896,PRUNED
49,0.4676388888888889,2026-08-14 12:25:56.014374,2026-08-14 12:27:50.229787,0 days 00:01:54.215413,0.6475848113939184,0.16230352134696865,44461,6.997892384680824,COMPLETE
