number,value,datetime_start,datetime_complete,duration,params_grrt_corridor_sample,params_grrt_goal_bias,params_grrt_max_iters,params_grrt_step_m,state
0,0.6068194444444445,2026-08-14 13:42:22.977285,2026-08-14 13:44:49.204118,0 days 00:02:26.226833,0.7013816880358219,0.22879734159310489,39520,9.488135039273248,COMPLETE
1,0.46770833333333334,2026-08-14 13:44:49.204118,2026-08-14 13:46:42.869546,0 days 00:01:53.665428,0.6187936056313463,0.21147352826666405,55130,8.236547993389047,COMPLETE
2,0.14650694444444445,2026-08-14 13:46:42.869546,2026-08-14 13:48:15.486824,0 days 00:01:32.617278,0.7958625190413323,0.14586037970644444,38800,13.636627605010293,COMPLETE
3,0.31080555555555556,2026-08-14 13:48:15.486824,2026-08-14 13:49:49.793853,0 days 00:01:34.307029,0.4355180290989435,0.28139915957316525,18920,9.680445610939323,COMPLETE
4,0.453,2026-08-14 13:49:49.793853,2026-08-14 13:52:50.618863,0 days 00:03:00.825010,0.7890783754749253,0.2581549613869845,54151,4.202183974403257,COMPLETE
5,0.0,2026-08-14 13:52:50.618863,2026-08-14 13:53:20.875018,0 days 00:00:30.256155,0.630739681126466,0.2497896410541809,50124,13.78618342232764,PRUNED
6,0.6138611111111111,2026-08-14 13:53:20.875018,2026-08-14 13:55:32.088341,0 days 00:02:11.213323,0.4716766437045232,0.20998025533188097,57511,5.182744258689333,COMPLETE
7,0.4608611111111111,2026-08-14 13:55:32.088341,2026-08-14 13:57:39.957259,0 days 00:02:07.868918,0.5322778060523135,0.15366548499763089,49841,9.218483217500717,COMPLETE
8,0.6172916666666667,2026-08-14 13:57:39.957259,2026-08-14 14:00:15.755342,0 days 00:02:35.798083,0.4093949002181776,0.19210848721716212,42794,8.561503322165485,COMPLETE
9,0.15680555555555556,2026-08-14 14:00:15.755342,2026-08-14 14:02:25.921541,0 days 00:02:10.166199,0.8718740392573121,0.20423349921868922,45682,10.120957227224213,COMPLETE
10,0.7557777777777778,2026-08-14 14:02:25.921541,2026-08-14 14:05:20.530845,0 days 00:02:54.609304,0.5485613696436733,0.06356488479252972,22757,6.760530850153284,COMPLETE
11,0.3103472222222222,2026-08-14 14:05:20.530845,2026-08-14 14:07:01.591213,0 days 00:01:41.060368,0.5348239773322079,0.055112189822044216,22653,6.787815866440441,COMPLETE
12,0.4648541666666666,2026-08-14 14:07:01.591213,2026-08-14 14:08:06.834019,0 days 00:01:05.242806,0.4014513922048312,0.0595969296048998,27329,6.9812518726555375,PRUNED
13,0.15536111111111112,2026-08-14 14:08:06.834019,2026-08-14 14:10:32.587989,0 days 00:02:25.753970,0.5276809373072496,0.10740593450085974,31668,12.051554677741422,COMPLETE
14,0.0,2026-08-14 14:10:32.587989,2026-08-14 14:11:22.050860,0 days 00:00:49.462871,0.6252109153802254,0.10989648616251135,34100,6.764175210479105,PRUNED
15,0.0,2026-08-14 14:11:22.050860,2026-08-14 14:11:56.121941,0 days 00:00:34.071081,0.4755246400948978,0.16907831665879516,15069,11.29338228871491,PRUNED
16,0.4650347222222222,2026-08-14 14:11:56.121941,2026-08-14 14:14:02.568178,0 days 00:02:06.446237,0.57322660047655,0.10420626079646961,26040,7.957581479291792,COMPLETE
17,0.4452013888888889,2026-08-14 14:14:02.568178,2026-08-14 14:16:56.068993,0 days 00:02:53.500815,0.6927363261361565,0.2982612731427635,41996,5.6231320180733455,COMPLETE
18,0.6105694444444444,2026-08-14 14:16:56.068993,2026-08-14 14:19:45.023162,0 days 00:02:48.954169,0.4713070056439315,0.08179955502572162,33866,8.234234886712281,COMPLETE
19,0.0,2026-08-14 14:19:45.023162,2026-08-14 14:20:17.265650,0 days 00:00:32.242488,0.42450049635699416,0.17880243729833634,45472,5.732515597874999,PRUNED
20,0.15748611111111113,2026-08-14 14:20:17.265650,2026-08-14 14:22:24.743882,0 days 00:02:07.478232,0.5646077433134371,0.13598895052052912,29229,10.841642570454884,COMPLETE
21,0.4573541666666667,2026-08-14 14:22:24.743882,2026-08-14 14:23:08.765451,0 days 00:00:44.021569,0.46520854516192545,0.1937050347056121,56981,4.0312834077635085,PRUNED
22,0.6064305555555555,2026-08-14 14:23:08.765451,2026-08-14 14:25:52.259667,0 days 00:02:43.494216,0.49445079742320835,0.23095793779885238,50677,5.317860543348627,COMPLETE
23,0.3072083333333333,2026-08-14 14:25:52.259667,2026-08-14 14:27:49.564263,0 days 00:01:57.304596,0.4019399106673253,0.12769464402969977,59031,5.034317211661161,COMPLETE
24,0.30154166666666665,2026-08-14 14:27:49.564263,2026-08-14 14:30:23.913445,0 days 00:02:34.349182,0.5088845272972784,0.1794925036530569,36423,6.333098062738492,COMPLETE
25,0.6104513888888888,2026-08-14 14:30:23.913445,2026-08-14 14:32:43.557926,0 days 00:02:19.644481,0.4436237117867878,0.25901512035252106,43965,7.527305994981859,COMPLETE
26,0.3044791666666667,2026-08-14 14:32:43.557926,2026-08-14 14:34:55.477519,0 days 00:02:11.919593,0.5760853267742893,0.22485332004485892,59442,4.8406193178922345,COMPLETE
27,0.0,2026-08-14 14:34:55.478525,2026-08-14 14:35:32.982707,0 days 00:00:37.504182,0.4547295336918085,0.07677987533269877,22207,8.875377301736442,PRUNED
28,0.46260416666666665,2026-08-14 14:35:32.982707,2026-08-14 14:36:24.214005,0 days 00:00:51.231298,0.49658969457518537,0.1587827545775277,48326,6.110365603471243,PRUNED
29,0.7504236111111111,2026-08-14 14:36:24.215512,2026-08-14 14:39:21.082728,0 days 00:02:56.867216,0.6754289095577201,0.23165870006150716,39725,8.737244401612108,COMPLETE
30,0.30527777777777776,2026-08-14 14:39:21.082728,2026-08-14 14:41:21.887725,0 days 00:02:00.804997,0.6892400601165439,0.23525565252377012,38163,7.498716010059603,COMPLETE
31,0.46407638888888886,2026-08-14 14:41:21.887725,2026-08-14 14:43:31.369859,0 days 00:02:09.482134,0.7366377170411477,0.20871951881184359,41217,8.87858890546429,COMPLETE
32,0.4570486111111111,2026-08-14 14:43:31.369859,2026-08-14 14:45:39.810723,0 days 00:02:08.440864,0.6443799963705502,0.1892909600126481,15427,10.129392836249353,COMPLETE
33,0.30469444444444443,2026-08-14 14:45:39.810723,2026-08-14 14:47:50.581129,0 days 00:02:10.770406,0.6593990693812617,0.22100946879974073,55109,7.667287908586408,COMPLETE
34,0.6125972222222222,2026-08-14 14:47:50.581129,2026-08-14 14:50:38.901099,0 days 00:02:48.319970,0.5976801059704642,0.2744464514947974,52918,8.674186873797767,COMPLETE
35,0.15824305555555554,2026-08-14 14:50:38.901099,2026-08-14 14:52:06.105193,0 days 00:01:27.204094,0.7773230838294662,0.2442063011018068,21484,9.730858280090239,COMPLETE
36,0.6090486111111111,2026-08-14 14:52:06.105193,2026-08-14 14:54:52.275757,0 days 00:02:46.170564,0.7309793397581198,0.1978777666992432,36594,7.181366148637498,COMPLETE
37,0.3085555555555555,2026-08-14 14:54:52.275757,2026-08-14 14:57:36.213662,0 days 00:02:43.937905,0.8383034429679377,0.26741229095456676,46999,4.667465081396834,COMPLETE
38,0.463625,2026-08-14 14:57:36.213662,2026-08-14 14:58:17.115068,0 days 00:00:40.901406,0.4302182740238081,0.21335723153745312,41002,6.2461919928678125,PRUNED
39,0.0,2026-08-14 14:58:17.115068,2026-08-14 14:58:36.184303,0 days 00:00:19.069235,0.5458015782260858,0.28768557940044104,52066,8.326758937597168,PRUNED
40,0.30877777777777776,2026-08-14 14:58:36.184303,2026-08-14 15:00:28.622060,0 days 00:01:52.437757,0.5152084382091018,0.24538372186484037,18178,13.005870425111487,COMPLETE
41,0.3065,2026-08-14 15:00:28.622060,2026-08-14 15:02:51.212511,0 days 00:02:22.590451,0.5854238197260465,0.27613611695715395,52899,8.839176274114445,COMPLETE
42,0.6068888888888889,2026-08-14 15:02:51.212511,2026-08-14 15:05:13.727292,0 days 00:02:22.514781,0.601985791810785,0.26265480623281734,56125,9.343079486534851,COMPLETE
43,0.6173888888888889,2026-08-14 15:05:13.727292,2026-08-14 15:07:24.546921,0 days 00:02:10.819629,0.6591976726451216,0.29578804006961096,57083,10.68397677611916,COMPLETE
44,0.61675,2026-08-14 15:07:24.546921,2026-08-14 15:09:59.062114,0 days 00:02:34.515193,0.6598128464698286,0.28833168558625855,25610,10.913175046454223,COMPLETE
45,0.45361111111111113,2026-08-14 15:09:59.062114,2026-08-14 15:12:09.042006,0 days 00:02:09.979892,0.6713804454098364,0.29849614710489547,26307,11.002185439389743,COMPLETE
46,0.3059027777777778,2026-08-14 15:12:09.042006,2026-08-14 15:15:11.371435,0 days 00:03:02.329429,0.7063279773197361,0.28521898449885874,24232,10.379711125063888,COMPLETE
47,0.45995138888888887,2026-08-14 15:15:11.371435,2026-08-14 15:17:23.897672,0 days 00:02:12.526237,0.7436535753995541,0.25118863873986264,30019,11.960573491614811,COMPLETE
48,0.4620902777777778,2026-08-14 15:17:23.897672,2026-08-14 15:19:42.533391,0 days 00:02:18.635719,0.641175420484364,0.29073010627041185,23929,11.592089928745498,COMPLETE
49,0.6021597222222222,2026-08-14 15:19:42.533391,2026-08-14 15:22:17.011008,0 days 00:02:34.477617,0.7687828485287226,0.27378196475338246,18222,12.86133378240426,COMPLETE
