number,value,datetime_start,datetime_complete,duration,params_horizon,params_margin,params_w_obstacle,params_w_social,params_w_speed_ref,params_w_terminal_goal,state
0,0.6091111111111112,2026-08-14 00:11:38.885544,2026-08-14 00:13:07.438639,0 days 00:01:28.553095,11,0.13980199922133155,9.166576735137753,0.8747064810385992,0.3149609461098427,12.17666541456877,COMPLETE
1,0.3101041666666667,2026-08-14 00:13:07.438639,2026-08-14 00:14:15.347788,0 days 00:01:07.909149,10,0.11991213635799376,22.807691332305794,0.5649268471624099,0.8533769276457883,19.020622643941902,COMPLETE
2,0.7587222222222222,2026-08-14 00:14:15.347788,2026-08-14 00:15:52.348305,0 days 00:01:37.000517,11,0.17154537374314946,2.393041108749739,0.2532223316692518,0.10562790848409549,20.716969001329286,COMPLETE
3,0.9103194444444443,2026-08-14 00:15:52.348305,2026-08-14 00:17:46.511106,0 days 00:01:54.162801,14,0.16268995996869745,23.685701631312515,1.7414595755201463,0.34893283915816964,18.00342079997561,COMPLETE
4,0.7588125,2026-08-14 00:17:46.511106,2026-08-14 00:19:11.546871,0 days 00:01:25.035765,6,0.10049252979838902,2.8726032799628154,2.582538780003099,0.4109048333460421,10.068523116150127,COMPLETE
5,0.9099583333333334,2026-08-14 00:19:11.546871,2026-08-14 00:20:43.979242,0 days 00:01:32.432371,8,0.1349980345028991,6.329739871424619,0.9323096817922781,0.1052200539290278,14.134963195431801,COMPLETE
6,0.9112152777777777,2026-08-14 00:20:43.979242,2026-08-14 00:22:28.697100,0 days 00:01:44.717858,12,0.10429543214588805,21.68885936669691,1.267397627126991,0.2647366685722848,9.500600889325007,COMPLETE
7,0.7604375,2026-08-14 00:22:28.697100,2026-08-14 00:24:06.877692,0 days 00:01:38.180592,13,0.051917470601325066,10.774895879981951,1.229592858516069,0.17677835616219068,2.3285840508915068,COMPLETE
8,0.454625,2026-08-14 00:24:06.877692,2026-08-14 00:24:24.814312,0 days 00:00:17.936620,8,0.047347617827164776,8.442761917587935,0.6559419428558234,1.4535093560782322,5.0117336490455395,PRUNED
9,0.7583958333333333,2026-08-14 00:24:24.814312,2026-08-14 00:25:50.518079,0 days 00:01:25.703767,7,0.07155235064027246,10.40952847304446,0.39712208080589817,0.3535281690136817,3.005882645498287,COMPLETE
10,0.7566666666666667,2026-08-14 00:25:50.518079,2026-08-14 00:27:58.929129,0 days 00:02:08.411050,16,0.1958636794826505,4.235911749426119,0.2111571232248383,0.7641639623370161,6.310733113988896,COMPLETE
11,0.7598611111111112,2026-08-14 00:27:58.929129,2026-08-14 00:29:56.024223,0 days 00:01:57.095094,15,0.16504171747291402,24.776529241824274,1.903432301951849,0.2189036100905083,8.276167965234759,COMPLETE
12,0.7665694444444444,2026-08-14 00:29:56.024223,2026-08-14 00:31:25.766875,0 days 00:01:29.742652,14,0.0904023307560352,16.419877443300297,1.376777990765052,0.5695836414603905,23.667989528065654,COMPLETE
13,0.7597222222222221,2026-08-14 00:31:25.766875,2026-08-14 00:33:10.862700,0 days 00:01:45.095825,13,0.15912560977289408,15.59876864989884,2.741884066364495,0.1927888989776256,14.992934954342985,COMPLETE
14,0.9110486111111111,2026-08-14 00:33:10.862700,2026-08-14 00:34:56.438572,0 days 00:01:45.575872,12,0.1990722851321085,16.588344810653307,1.7761088983696054,0.2415936812657754,7.377707514929205,COMPLETE
15,0.7602152777777778,2026-08-14 00:34:56.438572,2026-08-14 00:36:30.832240,0 days 00:01:34.393668,10,0.030685251787972406,15.662139248712249,1.8066373173906625,0.23532848912378296,4.52987779197893,COMPLETE
16,0.7600694444444445,2026-08-14 00:36:30.832240,2026-08-14 00:38:15.005325,0 days 00:01:44.173085,12,0.10572888580451041,13.785529279334849,1.115692846043631,0.146630891543639,7.8751658413268775,COMPLETE
17,0.7595208333333333,2026-08-14 00:38:15.005325,2026-08-14 00:39:45.953163,0 days 00:01:30.947838,9,0.19780016989539256,19.097047521110394,0.7147634678340999,0.2651955295234169,4.71512092209746,COMPLETE
18,0.7580833333333333,2026-08-14 00:39:45.953163,2026-08-14 00:41:09.081726,0 days 00:01:23.128563,5,0.0849330265489395,6.59771888170405,2.2328003200389714,0.47815843268252023,6.509032144414004,COMPLETE
19,0.7595833333333334,2026-08-14 00:41:09.081726,2026-08-14 00:42:49.991870,0 days 00:01:40.910144,12,0.1266985856479093,12.706445774560578,1.492846284891952,0.14214835363616227,10.35131776946744,COMPLETE
20,0.7596805555555556,2026-08-14 00:42:49.991870,2026-08-14 00:44:50.225058,0 days 00:02:00.233188,16,0.18241573902117883,18.7774734106102,0.4796689707101326,0.27112988235652447,3.435708272902988,COMPLETE
21,0.6102430555555555,2026-08-14 00:44:50.225058,2026-08-14 00:46:29.727609,0 days 00:01:39.502551,14,0.15152572599689298,21.30331213399744,1.6596641561620458,0.3288549377115813,17.415789638664997,COMPLETE
22,0.7593055555555556,2026-08-14 00:46:29.727609,2026-08-14 00:48:24.002841,0 days 00:01:54.275232,14,0.18028975318107876,24.55165672273637,1.0598051739147787,0.5432802760423275,10.939021981363794,COMPLETE
23,0.9106666666666667,2026-08-14 00:48:24.002841,2026-08-14 00:50:09.660472,0 days 00:01:45.657631,12,0.18394920485976135,18.44297764208166,2.0832342667927777,0.37638054548364724,8.631918533148,COMPLETE
24,0.6102569444444444,2026-08-14 00:50:09.660472,2026-08-14 00:51:57.706052,0 days 00:01:48.045580,12,0.18709617875870488,12.621204412316072,2.2578759529693313,0.6965316942503685,7.902064685655619,COMPLETE
25,0.9114583333333334,2026-08-14 00:51:57.706052,2026-08-14 00:53:39.240202,0 days 00:01:41.534150,11,0.19736372937947053,18.61307103329115,2.0772590168440543,0.4176201634582212,6.181089452432053,COMPLETE
26,0.7603263888888888,2026-08-14 00:53:39.240202,2026-08-14 00:55:13.362855,0 days 00:01:34.122653,10,0.1489811194729932,13.963772826760676,2.9193201597487755,0.1532528965928967,6.180628175732316,COMPLETE
27,0.7605902777777778,2026-08-14 00:55:13.362855,2026-08-14 00:56:50.448189,0 days 00:01:37.085334,11,0.11157880512283744,19.005095149718468,1.360501677019752,0.4523138990078056,3.6554050224765646,COMPLETE
28,0.7593125000000001,2026-08-14 00:56:50.448189,2026-08-14 00:58:21.197961,0 days 00:01:30.749772,9,0.06725338172881051,11.99161555180682,0.9209208705354441,0.2719051481266499,5.814162050149419,COMPLETE
29,0.7562291666666666,2026-08-14 00:58:21.197961,2026-08-14 00:59:58.569768,0 days 00:01:37.371807,11,0.14276930360932327,8.515935333269773,0.827354862760282,0.9566068796610101,12.67765787520481,COMPLETE
30,0.9117500000000001,2026-08-14 00:59:58.569768,2026-08-14 01:01:48.998871,0 days 00:01:50.429103,13,0.17210668821791297,16.53182270402533,1.5524579610655465,0.3074717783685005,9.501357196556938,COMPLETE
31,0.6114652777777777,2026-08-14 01:01:48.998871,2026-08-14 01:03:35.187552,0 days 00:01:46.188681,13,0.19477263123785335,16.51017988825067,1.4762013439720625,0.287815065800377,9.689148221543885,COMPLETE
32,0.9113680555555556,2026-08-14 01:03:35.187552,2026-08-14 01:05:25.765737,0 days 00:01:50.578185,13,0.17387777362605658,21.044380230025457,2.3318570077698513,0.2136726817437973,7.099607081691346,COMPLETE
33,0.7597916666666666,2026-08-14 01:05:25.765737,2026-08-14 01:07:11.409408,0 days 00:01:45.643671,13,0.17688007437608205,20.240625338593293,2.419740234997666,0.19999360880119002,11.785547202494921,COMPLETE
34,0.6103333333333333,2026-08-14 01:07:11.409408,2026-08-14 01:08:40.305244,0 days 00:01:28.895836,11,0.16680827434310663,19.918694255908935,1.195976882527683,0.33074897352404536,5.562826373823277,COMPLETE
35,0.7604166666666666,2026-08-14 01:08:40.305244,2026-08-14 01:10:29.190312,0 days 00:01:48.885068,15,0.12520244353276594,22.062813063114035,2.1128518442506787,0.17749875140953797,7.024415955259648,COMPLETE
36,0.761875,2026-08-14 01:10:29.190312,2026-08-14 01:12:16.591294,0 days 00:01:47.400982,15,0.17561363024281051,2.009219809815372,1.5697443759420684,0.1206096342470381,9.130351250756682,COMPLETE
37,0.9105347222222222,2026-08-14 01:12:16.591294,2026-08-14 01:14:06.978414,0 days 00:01:50.387120,13,0.15651498452796359,10.19427691977816,2.9874449478516425,0.414470976096588,13.679033818788584,COMPLETE
38,0.6106597222222222,2026-08-14 01:14:06.978414,2026-08-14 01:15:33.293036,0 days 00:01:26.314622,10,0.13803931568767636,14.370513373140465,2.469369026531916,0.30292999847154367,5.1868071479448465,COMPLETE
39,0.7602013888888889,2026-08-14 01:15:33.293036,2026-08-14 01:17:11.955831,0 days 00:01:38.662795,11,0.18969451636219106,23.59555651834225,1.9632902044703897,0.5430637020049737,4.355126777334991,COMPLETE
40,0.9109861111111112,2026-08-14 01:17:11.955831,2026-08-14 01:18:46.034051,0 days 00:01:34.078220,9,0.16664167607141045,3.5323843016087677,1.2869487924318856,0.2332578565021488,16.309440417323934,COMPLETE
41,0.6104236111111111,2026-08-14 01:18:46.034051,2026-08-14 01:20:27.029352,0 days 00:01:40.995301,12,0.17320753810313536,17.22642164502229,1.6948354555828986,0.22527910078123797,7.320229735841536,COMPLETE
42,0.7600763888888888,2026-08-14 01:20:27.029352,2026-08-14 01:22:13.756161,0 days 00:01:46.726809,13,0.19953335365343566,21.781971677798193,1.0459517617641934,0.3693680608535887,7.231565057339566,COMPLETE
43,0.6103819444444445,2026-08-14 01:22:13.756161,2026-08-14 01:23:42.345919,0 days 00:01:28.589758,11,0.18887531341454072,17.073427699293678,1.875566507879151,0.2525002445460619,9.291322443935236,COMPLETE
44,0.7600694444444445,2026-08-14 01:23:42.345919,2026-08-14 01:25:33.999260,0 days 00:01:51.653341,14,0.19986699736713306,14.489026753764193,2.5335919853954842,0.20602178319717132,11.159698133781742,COMPLETE
45,0.7590277777777777,2026-08-14 01:25:33.999260,2026-08-14 01:27:14.099196,0 days 00:01:40.099936,12,0.1716861104269427,12.208625935969597,0.31200742151271577,0.1623398989910238,6.726619977154991,COMPLETE
46,0.7600277777777777,2026-08-14 01:27:14.099196,2026-08-14 01:28:58.924034,0 days 00:01:44.824838,13,0.1895457052882522,24.874605295524383,1.608905125643852,0.31018285161558123,2.0496812369233686,COMPLETE
47,0.7602986111111111,2026-08-14 01:28:58.924034,2026-08-14 01:30:38.843452,0 days 00:01:39.919418,12,0.06332791457895381,15.32006254307738,1.8512374037714334,0.12091660459402825,4.0400438421108475,COMPLETE
48,0.9101805555555554,2026-08-14 01:30:38.843452,2026-08-14 01:32:20.157113,0 days 00:01:41.313661,11,0.07992915467957111,11.27732132910716,0.784836378232369,0.38844705384706646,7.996884093407293,COMPLETE
49,0.7602916666666667,2026-08-14 01:32:20.157113,2026-08-14 01:34:07.917658,0 days 00:01:47.760545,13,0.15934934582303686,9.625578440736144,1.3867337758778735,0.4479019294302308,5.485955374841378,COMPLETE
