number,value,datetime_start,datetime_complete,duration,params_centerline_gain,params_grrt_corridor_sample,params_grrt_goal_bias,params_grrt_max_iters,params_grrt_step_m,params_safe_distance,params_time_horizon,state
0,0.6061736111111111,2026-08-13 21:33:01.521018,2026-08-13 21:35:15.534642,0 days 00:02:14.013624,0.08996299860535256,0.7013816880358219,0.22879734159310489,39520,9.488135039273248,0.375034884505077,3.1182739966945237,COMPLETE
1,0.7629305555555556,2026-08-13 21:35:15.535644,2026-08-13 21:37:04.541008,0 days 00:01:49.005364,0.06903521707993515,0.5917207594128888,0.2909156901252573,50628,12.917730007820797,0.5702386553170644,3.644474598764522,COMPLETE
2,0.3020833333333333,2026-08-13 21:37:04.541008,2026-08-13 21:39:16.604328,0 days 00:02:12.063320,0.19280284410033463,0.4101091987201629,0.07178232492538518,52468,4.710360581978869,0.5914473368931056,4.890783754749252,COMPLETE
3,0.7567291666666667,2026-08-13 21:39:16.604328,2026-08-13 21:41:02.877844,0 days 00:01:46.273516,0.01628359108363256,0.7902645881432278,0.16536984056323295,20322,11.991585642167236,0.5778675668198335,4.19960510663762,COMPLETE
4,0.7688958333333332,2026-08-13 21:41:02.877844,2026-08-13 21:42:16.079600,0 days 00:01:13.201756,0.06912670683424535,0.5322778060523135,0.15366548499763089,49841,9.218483217500717,0.20751592017454207,3.2807516610827427,COMPLETE
5,0.6146319444444445,2026-08-13 21:42:16.079600,2026-08-13 21:43:53.284566,0 days 00:01:37.204966,0.03396540216391729,0.7084669984373785,0.20302393068060537,57469,10.176354970758771,0.37481278151973657,4.409101495517417,COMPLETE
6,0.44095833333333334,2026-08-13 21:43:53.284566,2026-08-13 21:44:14.590195,0 days 00:00:21.305629,0.015503857733727292,0.7333833577228339,0.06505636790731746,45179,10.97631195927265,0.32617134036967355,2.0519128053692044,PRUNED
7,0.7607083333333334,2026-08-13 21:44:14.590195,2026-08-13 21:45:39.943137,0 days 00:01:25.352942,0.020348682523113566,0.6193007567311601,0.1925491926044699,59477,7.6371077094262265,0.2645238071539985,1.5102240537401403,COMPLETE
8,0.6025486111111111,2026-08-13 21:45:39.943137,2026-08-13 21:47:07.551618,0 days 00:01:27.608481,0.014555846498659259,0.6331553864281532,0.11332290063494553,25999,10.531083254653984,0.46253183578610935,1.7948479182275987,COMPLETE
9,0.7477708333333334,2026-08-13 21:47:07.551618,2026-08-13 21:48:32.900179,0 days 00:01:25.348561,0.17288058885750873,0.5843625853304821,0.09914559042001338,51945,5.381829513486138,0.23843936315758524,1.4855063789653062,COMPLETE
10,0.610125,2026-08-13 21:48:32.900179,2026-08-13 21:50:05.321541,0 days 00:01:32.421362,0.05103774884054996,0.876389130430058,0.2917707513110667,33170,7.849048913698326,0.4674300538401801,5.746400719702609,COMPLETE
11,0.45966666666666667,2026-08-13 21:50:05.321541,2026-08-13 21:50:23.071722,0 days 00:00:17.750181,0.08309204113354476,0.489815581923392,0.29822327574571544,44103,13.35609519593444,0.47453372021813384,3.0002166341472107,PRUNED
12,0.7662430555555556,2026-08-13 21:50:23.071722,2026-08-13 21:51:36.239785,0 days 00:01:13.168063,0.06988685138624327,0.5217875951030243,0.2593581017478569,47839,7.958207886559516,0.20408002987896642,3.2521091538022544,COMPLETE
13,0.0,2026-08-13 21:51:36.239785,2026-08-13 21:51:48.956208,0 days 00:00:12.716423,0.12793368720433607,0.5028590016824631,0.24165119132553126,40175,8.052620506692596,0.204938687362544,2.620091757115652,PRUNED
14,0.6078402777777777,2026-08-13 21:51:48.956208,2026-08-13 21:53:28.133064,0 days 00:01:39.176856,0.03736118704789708,0.5021944129278998,0.14363884047112005,34404,6.367962569996271,0.27951941054159557,3.701079369964352,COMPLETE
15,0.6146527777777778,2026-08-13 21:53:28.133064,2026-08-13 21:54:47.075451,0 days 00:01:18.942387,0.29800881797794343,0.407215810652368,0.25855270860227647,46162,9.148139968295437,0.20335740000679048,2.587767009600328,COMPLETE
16,0.6045902777777777,2026-08-13 21:54:47.075451,2026-08-13 21:56:24.260067,0 days 00:01:37.184616,0.048418723559127214,0.5451030973282621,0.15444519029534684,54777,6.598209657516808,0.30677685570913565,1.0298378946301852,COMPLETE
17,0.0,2026-08-13 21:56:24.260067,2026-08-13 21:57:12.097617,0 days 00:00:47.837550,0.029832262595742266,0.4396464462449408,0.19679415898384808,49664,8.659094479943382,0.2383634825839915,5.146048291533294,PRUNED
18,0.4654166666666667,2026-08-13 21:57:12.097617,2026-08-13 21:57:27.871338,0 days 00:00:15.773721,0.12925493468301605,0.5354453717874962,0.12224236128956446,36423,6.544441180649162,0.3390046846584442,3.5789694793551523,PRUNED
19,0.46684027777777776,2026-08-13 21:57:27.871338,2026-08-13 21:59:06.503125,0 days 00:01:38.631787,0.010503719826927582,0.6609200000966221,0.2640358505930419,47068,11.488763958044382,0.20106011514837213,2.332114458299446,COMPLETE
20,0.4642916666666667,2026-08-13 21:59:06.504126,2026-08-13 21:59:54.876703,0 days 00:00:48.372577,0.06092518285466332,0.4633667908157459,0.174869361101539,41306,9.40263057866693,0.2643601863154165,3.235926519874087,PRUNED
21,0.6050208333333333,2026-08-13 21:59:54.876703,2026-08-13 22:01:56.401840,0 days 00:02:01.525137,0.07613522048505249,0.5714314869058207,0.27304940147423357,48974,12.176784189844044,0.5312567284819596,3.895183461047807,COMPLETE
22,0.7539583333333333,2026-08-13 22:01:56.401840,2026-08-13 22:03:40.926458,0 days 00:01:44.524618,0.10639735771976984,0.5950473329590495,0.22613505566194333,54748,13.43929887684453,0.4057373170725962,3.429706265342676,COMPLETE
23,0.0,2026-08-13 22:03:40.926458,2026-08-13 22:04:21.273013,0 days 00:00:40.346555,0.06724823649367302,0.5486960548040383,0.2773811130164018,50329,7.156686484064808,0.5467841637326945,4.236990568530816,PRUNED
24,0.8992083333333333,2026-08-13 22:04:21.273013,2026-08-13 22:06:05.201323,0 days 00:01:43.928310,0.04591886825284706,0.6397984736812553,0.2421647311822211,55728,5.7299605339385575,0.42588956749154944,2.9738589042214794,COMPLETE
25,0.46325,2026-08-13 22:06:05.201323,2026-08-13 22:06:53.877351,0 days 00:00:48.676028,0.04626460818289289,0.6399376621259925,0.2408045208870111,56439,5.419944363060179,0.4062361318589054,2.8020246869534238,PRUNED
26,0.9104583333333333,2026-08-13 22:06:53.877351,2026-08-13 22:08:20.339118,0 days 00:01:26.461767,0.026892343135244506,0.6730662561457016,0.2528945172020375,59353,4.297496110882573,0.2962594220356851,2.3412360761479882,COMPLETE
27,0.4608541666666667,2026-08-13 22:08:20.339118,2026-08-13 22:08:52.034364,0 days 00:00:31.695246,0.023931658763933192,0.7549994417073929,0.212730407909557,56672,4.323521036392214,0.2959954472186529,2.2490801410320658,PRUNED
28,0.7572291666666667,2026-08-13 22:08:52.034364,2026-08-13 22:10:42.028696,0 days 00:01:49.994332,0.025386445645883667,0.8399606569599808,0.17934746500253634,59431,4.01831311959675,0.35239791271689025,2.738445659390701,COMPLETE
29,0.4643333333333333,2026-08-13 22:10:42.028696,2026-08-13 22:10:57.850321,0 days 00:00:15.821625,0.03954227280220595,0.6839011993689175,0.22296164508364677,53796,5.424037677763982,0.43856573699769374,2.984868620829925,PRUNED
30,0.7561944444444445,2026-08-13 22:10:57.850321,2026-08-13 22:12:12.624558,0 days 00:01:14.774237,0.030038132005761345,0.6855107981084517,0.24325321532543712,59892,4.773571267007492,0.49407955008471327,1.8271754063571142,COMPLETE
31,0.4546458333333333,2026-08-13 22:12:12.624558,2026-08-13 22:12:31.702278,0 days 00:00:19.077720,0.10019777764473747,0.7892297376451758,0.257723948497954,42562,6.009630802711541,0.24191567021328939,3.239381237885782,PRUNED
32,0.8713541666666667,2026-08-13 22:12:31.702278,2026-08-13 22:13:10.272852,0 days 00:00:38.570574,0.05532748217168386,0.6074545664717016,0.28021220049455875,48467,8.49126785510179,0.22985160929649873,2.382932415060559,PRUNED
33,0.46306250000000004,2026-08-13 22:13:10.272852,2026-08-13 22:13:26.022128,0 days 00:00:15.749276,0.07002901105468282,0.6584313766767954,0.24461384650086096,53159,9.888819580460744,0.2894675039030293,3.9054538515454866,PRUNED
34,0.7602013888888889,2026-08-13 22:13:26.022128,2026-08-13 22:14:53.502412,0 days 00:01:27.480284,0.042960483199468824,0.5678977646105773,0.08788738375949379,51720,4.832383867985819,0.3185856126677515,3.3737340351083422,COMPLETE
35,0.8967430555555556,2026-08-13 22:14:53.502412,2026-08-13 22:16:43.419780,0 days 00:01:49.917368,0.0908869273061867,0.4448761572292823,0.13752717013751695,57232,5.925098269281739,0.26257326829478067,4.5991851787719895,COMPLETE
36,0.46416666666666667,2026-08-13 22:16:43.419780,2026-08-13 22:17:30.724676,0 days 00:00:47.304896,0.1202132357856265,0.44510948973984865,0.13519572011260883,56939,5.78482688995776,0.25974774547921664,4.905687397291576,PRUNED
37,0.45145833333333335,2026-08-13 22:17:30.724676,2026-08-13 22:17:51.849684,0 days 00:00:21.125008,0.16925617666274956,0.4740634290215269,0.05336868084228756,18348,7.135549376631032,0.35250842270662375,5.955051471302653,PRUNED
38,0.6105972222222222,2026-08-13 22:17:51.849684,2026-08-13 22:19:08.403911,0 days 00:01:16.554227,0.09042464848408979,0.7299392145321187,0.15385025314070228,57608,4.923390166605736,0.39447782495292033,4.537445043670893,COMPLETE
39,0.0,2026-08-13 22:19:08.403911,2026-08-13 22:20:20.543108,0 days 00:01:12.139197,0.020021378532921533,0.42883191409636434,0.1845216992704357,54833,7.0537430808212065,0.43139931875154874,5.528997597319211,PRUNED
40,0.4569513888888889,2026-08-13 22:20:20.543108,2026-08-13 22:21:31.962863,0 days 00:01:11.419755,0.03262219886652195,0.7668431800495383,0.20907955151591875,51823,4.287554119857821,0.27948345324689905,1.9483832693184253,COMPLETE
41,0.46715277777777775,2026-08-13 22:21:31.962863,2026-08-13 22:22:30.679561,0 days 00:00:58.716698,0.06063604164374146,0.5281685056631753,0.0891603869076236,47385,8.826278118749759,0.2217445407745099,4.016439195217534,COMPLETE
42,0.7564375,2026-08-13 22:22:30.679561,2026-08-13 22:23:57.454400,0 days 00:01:26.774839,0.0834867717467987,0.5188005544827665,0.12719508888340342,58295,9.803150493895458,0.22030887205437197,4.638160627209444,COMPLETE
43,0.45820833333333333,2026-08-13 22:23:57.454400,2026-08-13 22:25:30.212250,0 days 00:01:32.757850,0.05607203341941579,0.4783797296873905,0.11202426527706,44930,8.168400311518786,0.2629354867558107,2.8596904055716466,COMPLETE
44,0.8995902777777779,2026-08-13 22:25:30.212250,2026-08-13 22:27:15.626495,0 days 00:01:45.414245,0.07213598773179167,0.6213787083667436,0.16173538932905543,55942,7.548946883028618,0.2449087995009456,3.1016425357027444,COMPLETE
45,0.46236805555555555,2026-08-13 22:27:15.626495,2026-08-13 22:28:32.129147,0 days 00:01:16.502652,0.1569353994781249,0.6354839728938163,0.16831229743659903,24116,5.971942951681507,0.2513386430991497,1.5338359948793314,COMPLETE
46,0.6024861111111112,2026-08-13 22:28:32.129147,2026-08-13 22:30:02.957145,0 days 00:01:30.827998,0.09818808475697352,0.7076993008980443,0.15606356886977527,55289,7.382021597382922,0.3035367744495266,2.5269693872073873,COMPLETE
47,0.0,2026-08-13 22:30:02.957145,2026-08-13 22:30:18.565047,0 days 00:00:15.607902,0.2595421170685415,0.6167208526881258,0.14556089948567671,52349,10.604000166198034,0.28146070757372543,2.115188711556009,PRUNED
48,0.9014166666666666,2026-08-13 22:30:18.565047,2026-08-13 22:30:37.241035,0 days 00:00:18.675988,0.0799952736213945,0.6787861494144307,0.19166246398763231,58311,5.358009437834967,0.37807332639711144,3.0616621872855276,PRUNED
49,0.4599097222222222,2026-08-13 22:30:37.241035,2026-08-13 22:32:09.953834,0 days 00:01:32.712799,0.018886068438856655,0.5701104754758977,0.10245232688522408,56271,6.747738246714284,0.32355194735259185,3.627723771315325,COMPLETE
