number,value,datetime_start,datetime_complete,duration,params_goal_connect_dist,params_goal_sample_rate,params_max_iter,params_replan_interval,params_step_size,state
0,0.157625,2026-08-13 21:27:37.737752,2026-08-13 21:28:15.817458,0 days 00:00:38.079706,4.179532731987587,0.30031627823034684,1023,1.5591369983472618,3.195254015709299,COMPLETE
1,0.4602916666666667,2026-08-13 21:28:15.817458,2026-08-13 21:29:12.981091,0 days 00:00:57.163633,5.854651042004117,0.20315552394194242,1371,1.4586037970644443,3.5835764522666245,COMPLETE
2,0.31121527777777774,2026-08-13 21:29:12.981091,2026-08-13 21:29:53.547545,0 days 00:00:40.566454,5.702386553170644,0.23511322191351658,982,0.6775901454947173,4.166900152330658,COMPLETE
3,0.4607777777777778,2026-08-13 21:29:53.547545,2026-08-13 21:30:51.055518,0 days 00:00:57.507973,5.1126270037994015,0.057076439104114,1299,2.6750303706170477,1.3485171988061628,COMPLETE
4,0.31135416666666665,2026-08-13 21:30:51.055518,2026-08-13 21:31:35.130150,0 days 00:00:44.074632,5.122116705145822,0.32970549747585326,854,0.795686064672333,4.914473368931056,COMPLETE
5,0.3067708333333333,2026-08-13 21:31:35.130150,2026-08-13 21:32:35.905348,0 days 00:01:00.775198,4.087393287000287,0.10017365059316624,1434,1.5366548499763089,3.5596840853100953,COMPLETE
6,0.4605694444444444,2026-08-13 21:32:35.905348,2026-08-13 21:33:33.369055,0 days 00:00:57.463707,4.273735795474594,0.32098179130197585,847,0.5469745010908879,2.058222448418508,COMPLETE
7,0.3067708333333333,2026-08-13 21:33:33.369055,2026-08-13 21:34:32.917419,0 days 00:00:59.548364,5.774992314058497,0.26423350295284753,1040,2.2045507477587085,3.4705419883035082,COMPLETE
8,0.157625,2026-08-13 21:34:32.917419,2026-08-13 21:35:12.583656,0 days 00:00:39.666237,2.2409018865170793,0.20296118382976952,1137,2.166916788614169,2.438031602295144,COMPLETE
9,0.4604305555555555,2026-08-13 21:35:12.583656,2026-08-13 21:36:15.051578,0 days 00:01:02.467922,3.2617134036967355,0.12363389637584432,454,1.4092769273565566,3.6825514784726376,COMPLETE
10,0.45445138888888886,2026-08-13 21:36:15.051578,2026-08-13 21:37:28.804003,0 days 00:01:13.752425,2.080183372697779,0.3886738963755816,324,2.8841332942848625,1.0813378864997232,COMPLETE
11,0.30711805555555555,2026-08-13 21:37:28.804003,2026-08-13 21:38:27.086466,0 days 00:00:58.282463,4.680788171418588,0.07078076236050168,620,2.984798044099574,1.54745320555685,COMPLETE
12,0.15769444444444444,2026-08-13 21:38:27.086466,2026-08-13 21:39:02.801012,0 days 00:00:35.714546,3.5677247848559723,0.1497824874095765,731,2.413912922633314,2.053700309415248,COMPLETE
13,0.3114236111111111,2026-08-13 21:39:02.801012,2026-08-13 21:39:42.143776,0 days 00:00:39.342764,4.872888573707202,0.3908781562821803,1266,1.0639833726332175,2.2985467241913597,COMPLETE
14,0.3065625,2026-08-13 21:39:42.143776,2026-08-13 21:40:40.057150,0 days 00:00:57.913374,4.319750911744878,0.053698510696569654,1220,1.9688560882647725,1.017002464941909,COMPLETE
15,0.4605694444444444,2026-08-13 21:40:40.057150,2026-08-13 21:41:38.047816,0 days 00:00:57.990666,5.290438784661105,0.16433666877620084,785,1.0268958743663914,1.8429021754708421,COMPLETE
16,0.46049999999999996,2026-08-13 21:41:38.047816,2026-08-13 21:42:39.456200,0 days 00:01:01.408384,3.412139800943705,0.33500084340949976,591,2.6093736722046987,2.6299438786795513,COMPLETE
17,0.3070486111111111,2026-08-13 21:42:39.456200,2026-08-13 21:43:32.453490,0 days 00:00:52.997290,2.87020424883245,0.28256008354243617,1486,1.8686306274372584,1.4984167786701033,COMPLETE
18,0.46049999999999996,2026-08-13 21:43:32.453490,2026-08-13 21:44:34.100060,0 days 00:01:01.646570,4.433201165182332,0.1864180597109605,887,0.5265018713546707,2.879411966593284,COMPLETE
19,0.3114236111111111,2026-08-13 21:44:34.100060,2026-08-13 21:45:14.945321,0 days 00:00:40.845261,5.322282326941342,0.24115898588192222,1308,1.0972461865199497,1.6256682687836457,COMPLETE
20,0.31149305555555556,2026-08-13 21:45:14.945321,2026-08-13 21:46:02.770043,0 days 00:00:47.824722,3.8248146847708515,0.36182695959977607,1198,2.6860019433098947,2.1262390783784766,COMPLETE
21,0.46049999999999996,2026-08-13 21:46:02.770043,2026-08-13 21:47:00.457952,0 days 00:00:57.687909,5.324594340316477,0.1532843900366605,768,0.9221012606920733,1.8286895569554527,COMPLETE
22,0.46036111111111105,2026-08-13 21:47:00.457952,2026-08-13 21:47:57.715985,0 days 00:00:57.258033,4.85401636483725,0.09019197433624765,668,0.5517969419153127,1.3291084193229312,COMPLETE
23,0.4604305555555555,2026-08-13 21:47:57.715985,2026-08-13 21:48:55.435660,0 days 00:00:57.719675,5.451588087569749,0.13480239044737594,527,1.2174396857952867,1.880431513156562,COMPLETE
24,0.30670138888888887,2026-08-13 21:48:55.435660,2026-08-13 21:49:52.175694,0 days 00:00:56.740034,4.591766087945279,0.16754745312761787,873,0.8308588354840232,2.753624652797997,COMPLETE
25,0.3067708333333333,2026-08-13 21:49:52.175694,2026-08-13 21:50:49.009731,0 days 00:00:56.834037,4.947504508743528,0.10465775111110459,1094,1.7882744417175627,1.2964051504078238,COMPLETE
26,0.0,2026-08-13 21:50:49.009731,2026-08-13 21:50:55.638088,0 days 00:00:06.628357,5.504516004643005,0.05544854091977952,787,1.232597300974318,1.8008312049044333,PRUNED
27,0.46049999999999996,2026-08-13 21:50:55.638088,2026-08-13 21:51:56.770291,0 days 00:01:01.132203,3.981665094271511,0.23121833539053605,961,0.7150517898860395,2.3466658142263475,COMPLETE
28,0.46049999999999996,2026-08-13 21:51:56.770291,2026-08-13 21:52:55.492961,0 days 00:00:58.722670,5.128525820448207,0.31696580417013,414,1.0091356102973854,2.0556666929578165,COMPLETE
29,0.31149305555555556,2026-08-13 21:52:55.492961,2026-08-13 21:53:39.301240,0 days 00:00:43.808279,4.514314995807186,0.29247400671674567,915,1.6835452126994852,3.0712779435776185,COMPLETE
30,0.4606180555555555,2026-08-13 21:53:39.301240,2026-08-13 21:54:40.965402,0 days 00:01:01.664162,4.228392850663044,0.26732657154731687,1055,2.053486166794041,1.2750428453821794,COMPLETE
31,0.4607083333333333,2026-08-13 21:54:40.965402,2026-08-13 21:55:38.839100,0 days 00:00:57.873698,3.83728775717233,0.3513475268563658,1058,2.3589595159144254,1.3251221615147541,COMPLETE
32,0.46119444444444446,2026-08-13 21:55:38.839100,2026-08-13 21:56:36.528993,0 days 00:00:57.689893,3.712385382766345,0.3581202600716652,1104,2.434442323943536,1.2873366709213674,COMPLETE
33,0.4612638888888889,2026-08-13 21:56:36.529993,2026-08-13 21:57:34.658064,0 days 00:00:58.128071,3.7353830300158815,0.3522785836660277,1090,2.4639804433154904,1.2383967634335957,COMPLETE
34,0.4604305555555555,2026-08-13 21:57:34.658064,2026-08-13 21:58:32.787406,0 days 00:00:58.129342,3.0024267126301023,0.35054847616231055,1147,2.4157915672870405,1.2007705798463402,COMPLETE
35,0.4607569444444444,2026-08-13 21:58:32.787406,2026-08-13 21:59:30.761094,0 days 00:00:57.973688,3.7777306376583413,0.3622459212083725,1321,2.365493802102437,1.5211561165699803,COMPLETE
36,0.0,2026-08-13 21:59:30.761094,2026-08-13 21:59:37.486611,0 days 00:00:06.725517,5.992956021764731,0.36950475872210603,1372,2.6785471889950374,1.5783933505284402,PRUNED
37,0.0,2026-08-13 21:59:37.486611,2026-08-13 21:59:43.454353,0 days 00:00:05.967742,2.5974436293987613,0.3126366827963927,1326,2.531623368215282,1.0484963970310641,PRUNED
38,0.1574861111111111,2026-08-13 21:59:43.454353,2026-08-13 22:00:27.475344,0 days 00:00:44.020991,3.5564481566557284,0.3764424287434835,1447,2.7980923089647307,4.796248566507112,COMPLETE
39,0.0,2026-08-13 22:00:27.475344,2026-08-13 22:00:33.568628,0 days 00:00:06.093284,3.193717150173631,0.3346250780237356,1371,2.334344099849632,1.4551263771779892,PRUNED
40,0.0,2026-08-13 22:00:33.568628,2026-08-13 22:00:40.431640,0 days 00:00:06.863012,3.565510538997219,0.39694431855135026,1182,2.168886226273561,1.694082055518693,PRUNED
41,0.4608263888888889,2026-08-13 22:00:40.431640,2026-08-13 22:01:41.796384,0 days 00:01:01.364744,3.767894124190088,0.34698624842474596,1085,2.3355019113724627,1.395100400077198,COMPLETE
42,0.4607083333333333,2026-08-13 22:01:41.796384,2026-08-13 22:02:39.675516,0 days 00:00:57.879132,3.956032074529113,0.3046921779082391,1264,2.4801696157905724,1.4239429822643523,COMPLETE
43,0.4607569444444444,2026-08-13 22:02:39.675516,2026-08-13 22:03:37.883417,0 days 00:00:58.207901,3.7049682011289318,0.3427392981628821,982,2.2645524480131716,1.1125719509448873,COMPLETE
44,0.4608472222222222,2026-08-13 22:03:37.883417,2026-08-13 22:04:35.144110,0 days 00:00:57.260693,3.291635151493996,0.3748426491872332,1112,2.7941516442171017,1.6095893697190269,COMPLETE
45,0.4606388888888889,2026-08-13 22:04:35.144110,2026-08-13 22:05:33.247513,0 days 00:00:58.103403,2.6181041283163866,0.37737735496076963,1105,2.813855638335455,1.658748663890797,COMPLETE
46,0.46054861111111106,2026-08-13 22:05:33.247513,2026-08-13 22:06:34.249654,0 days 00:01:01.002141,3.3044706231730725,0.3266911797964697,1003,2.982207103781579,1.016672183086964,COMPLETE
47,0.3114236111111111,2026-08-13 22:06:34.249654,2026-08-13 22:07:15.047365,0 days 00:00:40.797711,3.1688629768550522,0.21656428515556805,1158,2.630539750443698,1.960616173925902,COMPLETE
48,0.46049999999999996,2026-08-13 22:07:15.047365,2026-08-13 22:08:12.504640,0 days 00:00:57.457275,4.128691948435084,0.38652877043349004,940,2.772814525404034,2.2220083619632693,COMPLETE
49,0.4615208333333333,2026-08-13 22:08:12.504640,2026-08-13 22:09:09.872339,0 days 00:00:57.367699,2.9199920803319346,0.2678062388539627,1230,2.5557401372635202,1.1995679794793344,COMPLETE
