number,value,datetime_start,datetime_complete,duration,params_grrt_corridor_sample,params_grrt_goal_bias,params_grrt_max_iters,params_grrt_step_m,state
0,0.4514861111111111,2026-08-14 11:19:14.551543,2026-08-14 11:21:54.896873,0 days 00:02:40.345330,0.7013816880358219,0.22879734159310489,39520,9.488135039273248,COMPLETE
1,0.606923611111111,2026-08-14 11:21:54.896873,2026-08-14 11:24:45.457882,0 days 00:02:50.561009,0.6187936056313463,0.21147352826666405,55130,8.236547993389047,COMPLETE
2,0.5958472222222222,2026-08-14 11:24:45.457882,2026-08-14 11:28:09.716578,0 days 00:03:24.258696,0.7958625190413323,0.14586037970644444,38800,13.636627605010293,COMPLETE
3,0.4512847222222222,2026-08-14 11:28:09.716578,2026-08-14 11:31:28.758051,0 days 00:03:19.041473,0.4355180290989435,0.28139915957316525,18920,9.680445610939323,COMPLETE
4,0.15022916666666666,2026-08-14 11:31:28.758051,2026-08-14 11:36:27.423725,0 days 00:04:58.665674,0.7890783754749253,0.2581549613869845,54151,4.202183974403257,COMPLETE
5,0.4502083333333333,2026-08-14 11:36:27.423725,2026-08-14 11:40:18.125778,0 days 00:03:50.702053,0.630739681126466,0.2497896410541809,50124,13.78618342232764,COMPLETE
6,0.7469722222222223,2026-08-14 11:40:18.125778,2026-08-14 11:44:15.383547,0 days 00:03:57.257769,0.4716766437045232,0.20998025533188097,57511,5.182744258689333,COMPLETE
7,0.7545208333333333,2026-08-14 11:44:15.383547,2026-08-14 11:46:56.522984,0 days 00:02:41.139437,0.5322778060523135,0.15366548499763089,49841,9.218483217500717,COMPLETE
8,0.601486111111111,2026-08-14 11:46:56.522984,2026-08-14 11:49:57.559843,0 days 00:03:01.036859,0.4093949002181776,0.19210848721716212,42794,8.561503322165485,COMPLETE
9,0.31097916666666664,2026-08-14 11:49:57.559843,2026-08-14 11:53:46.461345,0 days 00:03:48.901502,0.8718740392573121,0.20423349921868922,45682,10.120957227224213,COMPLETE
10,0.4275833333333333,2026-08-14 11:53:46.461345,2026-08-14 11:55:04.829856,0 days 00:01:18.368511,0.5485613696436733,0.06084214439779424,26816,6.449440836249486,PRUNED
11,0.7546458333333333,2026-08-14 11:55:04.829856,2026-08-14 11:58:26.347927,0 days 00:03:21.518071,0.49636146209884985,0.14288251046613093,58660,4.277226932479687,COMPLETE
12,0.44884722222222223,2026-08-14 11:58:26.347927,2026-08-14 12:01:13.035486,0 days 00:02:46.687559,0.5177473150616743,0.1270898290273237,59055,11.753010611324967,COMPLETE
13,0.5995416666666666,2026-08-14 12:01:13.035486,2026-08-14 12:04:43.045194,0 days 00:03:30.009708,0.546685036463334,0.13789168215765435,49337,6.760979054991029,COMPLETE
14,0.7476041666666666,2026-08-14 12:04:43.045194,2026-08-14 12:07:47.929182,0 days 00:03:04.883988,0.6252109153802254,0.09620827238222826,30386,11.462672969227006,COMPLETE
15,0.15636111111111112,2026-08-14 12:07:47.929182,2026-08-14 12:10:32.544455,0 days 00:02:44.615273,0.49981220763441375,0.16907831665879516,50455,6.675311096404422,COMPLETE
16,0.0,2026-08-14 12:10:32.544455,2026-08-14 12:11:27.555104,0 days 00:00:55.010649,0.5686643835723916,0.09885504253450206,59393,4.21058722837725,PRUNED
17,0.45021527777777776,2026-08-14 12:11:27.555104,2026-08-14 12:14:21.461812,0 days 00:02:53.906708,0.47386158521600796,0.17619062524916204,34404,11.853313767641664,COMPLETE
18,0.4624375,2026-08-14 12:14:21.461812,2026-08-14 12:15:04.772218,0 days 00:00:43.310406,0.6962271138936605,0.10532850211914051,48089,7.608032628092536,PRUNED
19,0.7602152777777778,2026-08-14 12:15:04.772218,2026-08-14 12:18:07.303599,0 days 00:03:02.531381,0.576528499533841,0.053607905326183966,52990,5.7052220234216415,COMPLETE
20,0.30568750000000006,2026-08-14 12:18:07.303599,2026-08-14 12:21:43.511581,0 days 00:03:36.207982,0.6827361528560157,0.057464385960546524,55000,5.697335591852988,COMPLETE
21,0.0,2026-08-14 12:21:43.511581,2026-08-14 12:22:20.419257,0 days 00:00:36.907676,0.5892988982562068,0.0802986608923292,52967,5.339833947518236,PRUNED
22,0.5994444444444444,2026-08-14 12:22:20.419257,2026-08-14 12:24:56.751475,0 days 00:02:36.332218,0.5232808684836633,0.15959454591214584,44298,4.00253785754225,COMPLETE
23,0.4477361111111111,2026-08-14 12:24:56.751475,2026-08-14 12:29:23.939936,0 days 00:04:27.188461,0.4437948033911866,0.11609698330810873,52210,5.20106795405985,COMPLETE
24,0.6021319444444445,2026-08-14 12:29:23.939936,2026-08-14 12:32:13.453249,0 days 00:02:49.513313,0.5909480757551729,0.07976342936983748,46101,7.289115988611792,COMPLETE
25,0.4632291666666667,2026-08-14 12:32:13.453249,2026-08-14 12:32:58.694584,0 days 00:00:45.241335,0.49425636236950365,0.15293195354159425,56798,5.961464128292419,PRUNED
26,0.0,2026-08-14 12:32:58.694584,2026-08-14 12:33:49.511616,0 days 00:00:50.817032,0.4044482291639335,0.1819142513644172,41390,10.872887883695292,PRUNED
27,0.454625,2026-08-14 12:33:49.511616,2026-08-14 12:35:12.313493,0 days 00:01:22.801877,0.6673787840032706,0.12812836311462,47359,12.806486867748031,PRUNED
28,0.5976458333333333,2026-08-14 12:35:12.313493,2026-08-14 12:38:19.116193,0 days 00:03:06.802700,0.5419433139914592,0.07776365064543538,15400,8.67448455548566,COMPLETE
29,0.4523194444444445,2026-08-14 12:38:19.116193,2026-08-14 12:40:52.468822,0 days 00:02:33.352629,0.588046620203812,0.05160961483628912,51857,4.603790975243293,COMPLETE
30,0.4627291666666667,2026-08-14 12:40:52.468822,2026-08-14 12:42:29.468360,0 days 00:01:36.999538,0.4548918978113473,0.22599389775269768,59696,7.635727625588657,PRUNED
31,0.5964444444444444,2026-08-14 12:42:29.468360,2026-08-14 12:45:25.888392,0 days 00:02:56.420032,0.639158807128101,0.09584799934415411,31778,10.589047379817057,COMPLETE
32,0.7455138888888889,2026-08-14 12:45:25.888392,2026-08-14 12:48:42.863272,0 days 00:03:16.974880,0.722190996921907,0.11919289236991282,25468,11.428432688782982,COMPLETE
33,0.7553611111111111,2026-08-14 12:48:42.863272,2026-08-14 12:51:50.300024,0 days 00:03:07.436752,0.6038211846206781,0.07223816636256467,37771,9.629682654606434,COMPLETE
34,0.30638194444444444,2026-08-14 12:51:50.300024,2026-08-14 12:54:05.909029,0 days 00:02:15.609005,0.7223940148691945,0.07385500731723703,37745,9.352041351251628,COMPLETE
35,0.5919722222222222,2026-08-14 12:54:05.909029,2026-08-14 12:58:18.512912,0 days 00:04:12.603883,0.6480044008427313,0.1399947504374176,36031,9.202247824469307,COMPLETE
36,0.7602986111111111,2026-08-14 12:58:18.512912,2026-08-14 13:01:11.186302,0 days 00:02:52.673390,0.6041555810405892,0.29463002032674696,56521,8.2655275076265,COMPLETE
37,0.0,2026-08-14 13:01:11.186302,2026-08-14 13:02:39.925191,0 days 00:01:28.738889,0.611301520324546,0.2958148128741723,55740,8.043016398756874,PRUNED
38,0.5964999999999999,2026-08-14 13:02:39.926199,2026-08-14 13:06:42.014507,0 days 00:04:02.088308,0.5643265583414752,0.25444977586572143,53991,4.703291901002837,COMPLETE
39,0.30269444444444443,2026-08-14 13:06:42.014507,2026-08-14 13:09:21.866165,0 days 00:02:39.851658,0.7682325463177689,0.26506985374623193,57464,9.970384783878908,COMPLETE
40,0.6015833333333334,2026-08-14 13:09:21.866165,2026-08-14 13:12:14.939534,0 days 00:02:53.073369,0.6111527451660604,0.236720815406333,22518,6.088919134171628,COMPLETE
41,0.4419375,2026-08-14 13:12:14.939534,2026-08-14 13:13:01.022215,0 days 00:00:46.082681,0.5208060163831653,0.06671424676804996,55955,8.977842255721189,PRUNED
42,0.7571388888888889,2026-08-14 13:13:01.022215,2026-08-14 13:15:40.703235,0 days 00:02:39.681020,0.5672998519126415,0.19473427849462102,41733,8.234875731117961,COMPLETE
43,0.4530833333333333,2026-08-14 13:15:40.703235,2026-08-14 13:17:57.297093,0 days 00:02:16.593858,0.5672461673846616,0.19604074805367167,42213,8.301547905647368,COMPLETE
44,0.46179166666666666,2026-08-14 13:17:57.297093,2026-08-14 13:19:42.304574,0 days 00:01:45.007481,0.6557950139975839,0.2872560914135035,33214,7.093994278368843,PRUNED
45,0.5941875,2026-08-14 13:19:42.304574,2026-08-14 13:23:08.819084,0 days 00:03:26.514510,0.49151364410756,0.2684952724987339,40464,7.976270473692375,COMPLETE
46,0.8828055555555556,2026-08-14 13:23:08.819084,2026-08-14 13:27:19.972912,0 days 00:04:11.153828,0.5970768212740787,0.2326940501992366,38824,4.674523052289048,COMPLETE
47,0.595826388888889,2026-08-14 13:27:19.972912,2026-08-14 13:31:25.268045,0 days 00:04:05.295133,0.5994701725175642,0.22179086052902613,38659,9.63036679600549,COMPLETE
48,0.4503055555555555,2026-08-14 13:31:25.268045,2026-08-14 13:34:43.280534,0 days 00:03:18.012489,0.8721434763467671,0.24513840203225426,36363,8.788747430661822,COMPLETE
49,0.6033958333333334,2026-08-14 13:34:43.280534,2026-08-14 13:38:07.251414,0 days 00:03:23.970880,0.6300523848112665,0.27564021500345726,28854,6.307427673629821,COMPLETE
